# JRE version: Java(TM) SE Runtime Environment (16.0.1+9) (build 16.0.1+9-24)
# Java VM: Java HotSpot(TM) 64-Bit Server VM (16.0.1+9-24, mixed mode, sharing, tiered, compressed oops, compressed class ptrs, g1 gc, windows-amd64)
GC Precious Log:
 CPUs: 8 total, 8 available
 Memory: 20399M
 Large Page Support: Disabled
 NUMA Support: Disabled
 Compressed Oops: Enabled (Zero based)
 Heap Region Size: 4M
 Heap Min Capacity: 8M
 Heap Initial Capacity: 320M
 Heap Max Capacity: 5100M
 Pre-touch: Disabled
 Parallel Workers: 8
 Concurrent Workers: 2
 Concurrent Refinement Workers: 8
 Periodic GC: Disabled
Heap:
 garbage-first heap   total 2113536K, used 536634K [0x00000006c1400000, 0x0000000800000000)
  region size 4096K, 23 young (94208K), 23 survivors (94208K)
 Metaspace       used 96341K, committed 97152K, reserved 1138688K
  class space    used 14366K, committed 14720K, reserved 1048576K
GC Heap History (20 events):
Event: 96.986 GC heap after
{Heap after GC invocations=127 (full 0):
 garbage-first heap   total 1966080K, used 457586K [0x00000006c1400000, 0x0000000800000000)
  region size 4096K, 20 young (81920K), 20 survivors (81920K)
 Metaspace       used 95793K, committed 96576K, reserved 1138688K
  class space    used 14305K, committed 14656K, reserved 1048576K
}
Event: 97.437 GC heap before
{Heap before GC invocations=127 (full 0):
 garbage-first heap   total 1966080K, used 1555314K [0x00000006c1400000, 0x0000000800000000)
  region size 4096K, 288 young (1179648K), 20 survivors (81920K)
 Metaspace       used 95793K, committed 96576K, reserved 1138688K
  class space    used 14305K, committed 14656K, reserved 1048576K
}
Event: 97.480 GC heap after
{Heap after GC invocations=128 (full 0):
 garbage-first heap   total 1966080K, used 459087K [0x00000006c1400000, 0x0000000800000000)
  region size 4096K, 19 young (77824K), 19 survivors (77824K)
 Metaspace       used 95793K, committed 96576K, reserved 1138688K
  class space    used 14305K, committed 14656K, reserved 1048576K
}
Event: 98.013 GC heap before
{Heap before GC invocations=128 (full 0):
 garbage-first heap   total 1966080K, used 1560911K [0x00000006c1400000, 0x0000000800000000)
  region size 4096K, 288 young (1179648K), 19 survivors (77824K)
 Metaspace       used 95796K, committed 96576K, reserved 1138688K
  class space    used 14305K, committed 14656K, reserved 1048576K
}
Event: 98.046 GC heap after
{Heap after GC invocations=129 (full 0):
 garbage-first heap   total 2113536K, used 460717K [0x00000006c1400000, 0x0000000800000000)
  region size 4096K, 19 young (77824K), 19 survivors (77824K)
 Metaspace       used 95796K, committed 96576K, reserved 1138688K
  class space    used 14305K, committed 14656K, reserved 1048576K
}
Event: 98.666 GC heap before
{Heap before GC invocations=129 (full 0):
 garbage-first heap   total 2113536K, used 1648557K [0x00000006c1400000, 0x0000000800000000)
  region size 4096K, 309 young (1265664K), 19 survivors (77824K)
 Metaspace       used 95824K, committed 96576K, reserved 1138688K
  class space    used 14305K, committed 14656K, reserved 1048576K
}
Event: 98.707 GC heap after
{Heap after GC invocations=130 (full 0):
 garbage-first heap   total 2113536K, used 470188K [0x00000006c1400000, 0x0000000800000000)
  region size 4096K, 18 young (73728K), 18 survivors (73728K)
 Metaspace       used 95824K, committed 96576K, reserved 1138688K
  class space    used 14305K, committed 14656K, reserved 1048576K
}
Event: 99.167 GC heap before
{Heap before GC invocations=130 (full 0):
 garbage-first heap   total 2113536K, used 1662124K [0x00000006c1400000, 0x0000000800000000)
  region size 4096K, 309 young (1265664K), 18 survivors (73728K)
 Metaspace       used 95825K, committed 96576K, reserved 1138688K
  class space    used 14305K, committed 14656K, reserved 1048576K
}
Event: 99.200 GC heap after
{Heap after GC invocations=131 (full 0):
 garbage-first heap   total 2113536K, used 474896K [0x00000006c1400000, 0x0000000800000000)
  region size 4096K, 17 young (69632K), 17 survivors (69632K)
 Metaspace       used 95825K, committed 96576K, reserved 1138688K
  class space    used 14305K, committed 14656K, reserved 1048576K
}
Event: 99.755 GC heap before
{Heap before GC invocations=131 (full 0):
 garbage-first heap   total 2113536K, used 1666832K [0x00000006c1400000, 0x0000000800000000)
  region size 4096K, 309 young (1265664K), 17 survivors (69632K)
 Metaspace       used 95843K, committed 96640K, reserved 1138688K
  class space    used 14307K, committed 14656K, reserved 1048576K
}
Event: 99.795 GC heap after
{Heap after GC invocations=132 (full 0):
 garbage-first heap   total 2113536K, used 482113K [0x00000006c1400000, 0x0000000800000000)
  region size 4096K, 17 young (69632K), 17 survivors (69632K)
 Metaspace       used 95843K, committed 96640K, reserved 1138688K
  class space    used 14307K, committed 14656K, reserved 1048576K
}
Event: 100.336 GC heap before
{Heap before GC invocations=132 (full 0):
 garbage-first heap   total 2113536K, used 1674049K [0x00000006c1400000, 0x0000000800000000)
  region size 4096K, 309 young (1265664K), 17 survivors (69632K)
 Metaspace       used 95881K, committed 96640K, reserved 1138688K
  class space    used 14307K, committed 14656K, reserved 1048576K
}
Event: 100.367 GC heap after
{Heap after GC invocations=133 (full 0):
 garbage-first heap   total 2113536K, used 485074K [0x00000006c1400000, 0x0000000800000000)
  region size 4096K, 17 young (69632K), 17 survivors (69632K)
 Metaspace       used 95881K, committed 96640K, reserved 1138688K
  class space    used 14307K, committed 14656K, reserved 1048576K
}
Event: 100.918 GC heap before
{Heap before GC invocations=133 (full 0):
 garbage-first heap   total 2113536K, used 1677010K [0x00000006c1400000, 0x0000000800000000)
  region size 4096K, 309 young (1265664K), 17 survivors (69632K)
 Metaspace       used 95912K, committed 96640K, reserved 1138688K
  class space    used 14307K, committed 14656K, reserved 1048576K
}
Event: 100.953 GC heap after
{Heap after GC invocations=134 (full 0):
 garbage-first heap   total 2113536K, used 493674K [0x00000006c1400000, 0x0000000800000000)
  region size 4096K, 17 young (69632K), 17 survivors (69632K)
 Metaspace       used 95912K, committed 96640K, reserved 1138688K
  class space    used 14307K, committed 14656K, reserved 1048576K
}
Event: 101.671 GC heap before
{Heap before GC invocations=134 (full 0):
 garbage-first heap   total 2113536K, used 1689706K [0x00000006c1400000, 0x0000000800000000)
  region size 4096K, 309 young (1265664K), 17 survivors (69632K)
 Metaspace       used 96033K, committed 96832K, reserved 1138688K
  class space    used 14322K, committed 14656K, reserved 1048576K
}
Event: 101.715 GC heap after
{Heap after GC invocations=135 (full 0):
 garbage-first heap   total 2113536K, used 513191K [0x00000006c1400000, 0x0000000800000000)
  region size 4096K, 21 young (86016K), 21 survivors (86016K)
 Metaspace       used 96033K, committed 96832K, reserved 1138688K
  class space    used 14322K, committed 14656K, reserved 1048576K
}
Event: 102.306 GC heap before
{Heap before GC invocations=135 (full 0):
 garbage-first heap   total 2113536K, used 1688743K [0x00000006c1400000, 0x0000000800000000)
  region size 4096K, 309 young (1265664K), 21 survivors (86016K)
 Metaspace       used 96064K, committed 96832K, reserved 1138688K
  class space    used 14322K, committed 14656K, reserved 1048576K
}
Event: 102.356 GC heap after
{Heap after GC invocations=136 (full 0):
 garbage-first heap   total 2113536K, used 530830K [0x00000006c1400000, 0x0000000800000000)
  region size 4096K, 24 young (98304K), 24 survivors (98304K)
 Metaspace       used 96064K, committed 96832K, reserved 1138688K
  class space    used 14322K, committed 14656K, reserved 1048576K
}
Event: 103.020 GC heap before
{Heap before GC invocations=136 (full 0):
 garbage-first heap   total 2113536K, used 1694094K [0x00000006c1400000, 0x0000000800000000)
  region size 4096K, 309 young (1265664K), 24 survivors (98304K)
 Metaspace       used 96341K, committed 97152K, reserved 1138688K
  class space    used 14366K, committed 14720K, reserved 1048576K
}

